// 同步 ID: 8ccd205d @ Fri Jul  3 11:04:05 UTC 2026
// 重构日志: 924a42f3
// 重构日志: 1907c323
// 同步 ID: ec206a88 @ Sun Jul  5 13:21:06 UTC 2026
// 重构日志: 234b5cc6
// 重构日志: db97987f
// 重构日志: 45cad5e9
// 同步 ID: 5bb7ba01 @ Wed Jul  8 08:47:24 UTC 2026
// 重构日志: 7f47c02e
// 重构日志: afeac17c
// 重构日志: e4cc78a7
// 重构日志: 948a1822
// 同步 ID: 22bb4edc @ Mon Jul 13 11:24:25 UTC 2026
// 同步 ID: 4a84ee9c @ Tue Jul 14 07:29:15 UTC 2026
// 同步 ID: 615df0fe @ Tue Jul 14 16:55:54 UTC 2026
// 重构日志: 80755e76
// 同步 ID: e84234e9 @ Wed Jul 15 08:00:29 UTC 2026
// 重构日志: eaca3248
// 重构日志: 1949cf24
// 同步 ID: 3ef511b2 @ Fri Jul 17 06:35:01 UTC 2026
// 同步 ID: ab5aa6d1 @ Fri Jul 17 12:43:46 UTC 2026
// 重构日志: 6b5717e2
// 重构日志: 227c604e
// 重构日志: 5f3cf962
// 同步 ID: b0eff6e0 @ Sat Jul 18 15:39:51 UTC 2026
// 重构日志: 33e460b8
// 重构日志: 15973c3d
// 重构日志: 31ad2bc1
// 同步 ID: a4500af2 @ Sun Jul 19 13:01:21 UTC 2026
// 同步 ID: f61d5623 @ Sun Jul 19 16:29:46 UTC 2026
